#
# A fatal error has been detected by the Java Runtime Environment:
#
#  SIGSEGV (0xb) at pc=0x000000010bc4c594, pid=98818, tid=0x0000000000004107
#
# JRE version: Java(TM) SE Runtime Environment (8.0_101-b13) (build 1.8.0_101-b13)
# Java VM: Java HotSpot(TM) 64-Bit Server VM (25.101-b13 mixed mode bsd-amd64 compressed oops)
# Problematic frame:
# V  [libjvm.dylib+0x44c594]  Method::checked_resolve_jmethod_id(_jmethodID*)+0xe
#
# Failed to write core dump. Core dumps have been disabled. To enable core dumping, try "ulimit -c unlimited" before starting Java again
#
# If you would like to submit a bug report, please visit:
#   http://bugreport.java.com/bugreport/crash.jsp
#

---------------  T H R E A D  ---------------

Current thread (0x00007fdb91833000):  JavaThread "JDWP Transport Listener: dt_socket" daemon [_thread_in_vm, id=16647, stack(0x00007000022ea000,0x00007000023ea000)]

siginfo: si_signo: 11 (SIGSEGV), si_code: 0 (unknown), si_addr: 0x0000000000000000

Registers:
RAX=0x0000000000000001, RBX=0x00007000023e9a8b, RCX=0x000000010c01f360, RDX=0x00007000023e9a8b
RSP=0x00007000023e99d0, RBP=0x00007000023e99e0, RSI=0x00007fdb91833000, RDI=0x00023b003b6e6f00
R8 =0x0000000000000002, R9 =0x0000000000000000, R10=0x000007fdb90f1a64, R11=0x0000000000000003
R12=0x00007fdb91833000, R13=0x00023b003b6e6f00, R14=0x00023b003b6e6f00, R15=0x00007fdb90d09070
RIP=0x000000010bc4c594, EFLAGS=0x0000000000010206, ERR=0x0000000000000000
  TRAPNO=0x000000000000000d

Top of Stack: (sp=0x00007000023e99d0)
0x00007000023e99d0:   00007000023e9a8b 00007000023e9a8b
0x00007000023e99e0:   00007000023e9a40 000000010bb580d2
0x00007000023e99f0:   00007fdb91833000 0000000000000000
0x00007000023e9a00:   0000000000000000 0000000000000000
0x00007000023e9a10:   00007fdb91833000 00007fdb91833000
0x00007000023e9a20:   00007000023e9a8b 00007000023e9a90
0x00007000023e9a30:   00023b003b6e6f00 0000000000000009
0x00007000023e9a40:   00007000023e9a60 000000010a485780
0x00007000023e9a50:   0000000000000001 00007000023e9b08
0x00007000023e9a60:   00007000023e9ad0 000000010a46a1f3
0x00007000023e9a70:   00007000023e9aa0 00007fdb90f1a730
0x00007000023e9a80:   0000000a00000032 00000001003e9b08
0x00007000023e9a90:   0000000000000000 0000000000000000
0x00007000023e9aa0:   0000000000000000 00007000023e9c90
0x00007000023e9ab0:   000000010a48ce7a 00007fdb90f1d420
0x00007000023e9ac0:   00007000023e9b08 000000010a498598
0x00007000023e9ad0:   00007000023e9ae0 000000010a46a2ec
0x00007000023e9ae0:   00007000023e9d00 000000010a473898
0x00007000023e9af0:   00009f4300000013 00000000000f0200
0x00007000023e9b00:   00007fdb90f1c3b0 00007fdb90f1f22e
0x00007000023e9b10:   00000000000000aa 00007fdb90f1a670
0x00007000023e9b20:   000001000000012c 00007000023e9b58
0x00007000023e9b30:   00007fdb90f1a670 00007f0000000000
0x00007000023e9b40:   00009f430000002e 00007fdb0000d980
0x00007000023e9b50:   00007000023e9b58 db7f00000a000000
0x00007000023e9b60:   0600000090a6f190 00003e74696e693c
0x00007000023e9b70:   656d65734c281900 2f616b6c61727473
0x00007000023e9b80:   79676f6c6f706f54 000000000056293b
0x00007000023e9b90:   90db7f0000010000 650700000098a6f1
0x00007000023e9ba0:   0000657475636578 656d65734c281700
0x00007000023e9bb0:   2f616b6c61727473 293b726574756f52
0x00007000023e9bc0:   0000000000000056 a6f190db7f000001 

Instructions: (pc=0x000000010bc4c594)
0x000000010bc4c574:   40 48 48 85 c0 75 e0 30 c0 0f b6 c0 5d c3 31 c0
0x000000010bc4c584:   5d c3 55 48 89 e5 53 48 83 ec 08 48 85 ff 74 24
0x000000010bc4c594:   48 8b 1f 48 85 db 74 1c 48 83 fb 37 74 16 48 8b
0x000000010bc4c5a4:   03 48 89 df ff 50 10 84 c0 b8 00 00 00 00 48 0f 

Register to memory mapping:

RAX=0x0000000000000001 is an unknown value
RBX=0x00007000023e9a8b is pointing into the stack for thread: 0x00007fdb91833000
RCX=0x000000010c01f360: UseMembar+0 in /Library/Java/JavaVirtualMachines/jdk1.8.0_101.jdk/Contents/Home/jre/lib/server/libjvm.dylib at 0x000000010b800000
RDX=0x00007000023e9a8b is pointing into the stack for thread: 0x00007fdb91833000
RSP=0x00007000023e99d0 is pointing into the stack for thread: 0x00007fdb91833000
RBP=0x00007000023e99e0 is pointing into the stack for thread: 0x00007fdb91833000
RSI=0x00007fdb91833000 is a thread
RDI=0x00023b003b6e6f00 is an unknown value
R8 =0x0000000000000002 is an unknown value
R9 =0x0000000000000000 is an unknown value
R10=0x000007fdb90f1a64 is an unknown value
R11=0x0000000000000003 is an unknown value
R12=0x00007fdb91833000 is a thread
R13=0x00023b003b6e6f00 is an unknown value
R14=0x00023b003b6e6f00 is an unknown value
R15=0x00007fdb90d09070 is an unknown value


Stack: [0x00007000022ea000,0x00007000023ea000],  sp=0x00007000023e99d0,  free space=1022k
Native frames: (J=compiled Java code, j=interpreted, Vv=VM code, C=native code)
V  [libjvm.dylib+0x44c594]  Method::checked_resolve_jmethod_id(_jmethodID*)+0xe
V  [libjvm.dylib+0x3580d2]  jvmti_IsMethodSynthetic+0xb2
C  [libjdwp.dylib+0x20780]  isMethodSynthetic+0x63
C  [libjdwp.dylib+0x51f3]  methods1+0x10b
C  [libjdwp.dylib+0x52ec]  methodsWithGeneric+0xe
C  [libjdwp.dylib+0xe898]  debugLoop_run+0x1ce
C  [libjdwp.dylib+0x1f6ba]  attachThread+0x4d
V  [libjvm.dylib+0x399438]  JvmtiAgentThread::call_start_function()+0x38
V  [libjvm.dylib+0x5695ab]  JavaThread::thread_main_inner()+0x9b
V  [libjvm.dylib+0x56ac98]  JavaThread::run()+0x1c2
V  [libjvm.dylib+0x48933a]  java_start(Thread*)+0xf6
C  [libsystem_pthread.dylib+0x36c1]  _pthread_body+0x154
C  [libsystem_pthread.dylib+0x356d]  _pthread_body+0x0
C  [libsystem_pthread.dylib+0x2c5d]  thread_start+0xd
C  0x0000000000000000


---------------  P R O C E S S  ---------------

Java Threads: ( => current thread )
  0x00007fdb91026800 JavaThread "Service Thread" daemon [_thread_blocked, id=19715, stack(0x00007000028fc000,0x00007000029fc000)]
  0x00007fdb91026000 JavaThread "C1 CompilerThread2" daemon [_thread_blocked, id=19203, stack(0x00007000027f9000,0x00007000028f9000)]
  0x00007fdb91025000 JavaThread "C2 CompilerThread1" daemon [_thread_blocked, id=18691, stack(0x00007000026f6000,0x00007000027f6000)]
  0x00007fdb92845800 JavaThread "C2 CompilerThread0" daemon [_thread_blocked, id=18179, stack(0x00007000025f3000,0x00007000026f3000)]
  0x00007fdb91034800 JavaThread "JDWP Command Reader" daemon [_thread_in_native, id=17667, stack(0x00007000024f0000,0x00007000025f0000)]
  0x00007fdb91034000 JavaThread "JDWP Event Helper Thread" daemon [_thread_blocked, id=17155, stack(0x00007000023ed000,0x00007000024ed000)]
=>0x00007fdb91833000 JavaThread "JDWP Transport Listener: dt_socket" daemon [_thread_in_vm, id=16647, stack(0x00007000022ea000,0x00007000023ea000)]
  0x00007fdb91832000 JavaThread "Signal Dispatcher" daemon [_thread_blocked, id=16135, stack(0x00007000021e7000,0x00007000022e7000)]
  0x00007fdb9100f000 JavaThread "Finalizer" daemon [_thread_blocked, id=12803, stack(0x00007000020e4000,0x00007000021e4000)]
  0x00007fdb9100c000 JavaThread "Reference Handler" daemon [_thread_blocked, id=12291, stack(0x0000700001fe1000,0x00007000020e1000)]
  0x00007fdb91802800 JavaThread "main" [_thread_blocked, id=6659, stack(0x00007000019cf000,0x0000700001acf000)]

Other Threads:
  0x00007fdb91818800 VMThread [stack: 0x0000700001ede000,0x0000700001fde000] [id=11779]
  0x00007fdb91027800 WatcherThread [stack: 0x00007000029ff000,0x0000700002aff000] [id=20227]

VM state:not at safepoint (normal execution)

VM Mutex/Monitor currently owned by a thread: None

Heap:
 PSYoungGen      total 38400K, used 17164K [0x0000000795580000, 0x0000000798000000, 0x00000007c0000000)
  eden space 33280K, 36% used [0x0000000795580000,0x000000079614a9f8,0x0000000797600000)
  from space 5120K, 99% used [0x0000000797600000,0x0000000797af89d0,0x0000000797b00000)
  to   space 5120K, 0% used [0x0000000797b00000,0x0000000797b00000,0x0000000798000000)
 ParOldGen       total 87552K, used 1272K [0x0000000740000000, 0x0000000745580000, 0x0000000795580000)
  object space 87552K, 1% used [0x0000000740000000,0x000000074013e000,0x0000000745580000)
 Metaspace       used 4199K, capacity 4788K, committed 4864K, reserved 1056768K
  class space    used 459K, capacity 506K, committed 512K, reserved 1048576K

Card table byte_map: [0x000000010a8c6000,0x000000010acc7000] byte_map_base: 0x0000000106ec6000

Marking Bits: (ParMarkBitMap*) 0x000000010c0edd20
 Begin Bits: [0x000000011ba48000, 0x000000011da48000)
 End Bits:   [0x000000011da48000, 0x000000011fa48000)

Polling page: 0x000000010a464000

CodeCache: size=245760Kb used=2109Kb max_used=2109Kb free=243650Kb
 bounds [0x000000010c79d000, 0x000000010ca0d000, 0x000000011b79d000]
 total_blobs=668 nmethods=409 adapters=181
 compilation: enabled

Compilation events (10 events):
Event: 12.831 Thread 0x00007fdb91026000  405       1       java.net.URL::getFile (5 bytes)
Event: 12.831 Thread 0x00007fdb91026000 nmethod 405 0x000000010c99e350 code [0x000000010c99e4a0, 0x000000010c99e5b0]
Event: 12.832 Thread 0x00007fdb91026000  407  s!   3       sun.misc.URLClassPath::getLoader (197 bytes)
Event: 12.834 Thread 0x00007fdb91026000 nmethod 407 0x000000010c9af650 code [0x000000010c9afa80, 0x000000010c9b2718]
Event: 12.834 Thread 0x00007fdb91026000  406  s    3       sun.misc.URLClassPath::getNextLoader (88 bytes)
Event: 12.835 Thread 0x00007fdb91026000 nmethod 406 0x000000010c99d3d0 code [0x000000010c99d5c0, 0x000000010c99de68]
Event: 235.305 Thread 0x00007fdb91026000  408       3       java.util.HashMap$HashIterator::nextNode (100 bytes)
Event: 235.306 Thread 0x00007fdb91026000 nmethod 408 0x000000010c99cad0 code [0x000000010c99cc80, 0x000000010c99d158]
Event: 235.322 Thread 0x00007fdb91026000  409       3       java.util.HashMap$HashIterator::hasNext (13 bytes)
Event: 235.322 Thread 0x00007fdb91026000 nmethod 409 0x000000010c99c750 code [0x000000010c99c8c0, 0x000000010c99ca70]

GC Heap History (2 events):
Event: 6.821 GC heap before
{Heap before GC invocations=1 (full 0):
 PSYoungGen      total 38400K, used 33280K [0x0000000795580000, 0x0000000798000000, 0x00000007c0000000)
  eden space 33280K, 100% used [0x0000000795580000,0x0000000797600000,0x0000000797600000)
  from space 5120K, 0% used [0x0000000797b00000,0x0000000797b00000,0x0000000798000000)
  to   space 5120K, 0% used [0x0000000797600000,0x0000000797600000,0x0000000797b00000)
 ParOldGen       total 87552K, used 0K [0x0000000740000000, 0x0000000745580000, 0x0000000795580000)
  object space 87552K, 0% used [0x0000000740000000,0x0000000740000000,0x0000000745580000)
 Metaspace       used 3899K, capacity 4746K, committed 4864K, reserved 1056768K
  class space    used 428K, capacity 464K, committed 512K, reserved 1048576K
Event: 6.829 GC heap after
Heap after GC invocations=1 (full 0):
 PSYoungGen      total 38400K, used 5090K [0x0000000795580000, 0x0000000798000000, 0x00000007c0000000)
  eden space 33280K, 0% used [0x0000000795580000,0x0000000795580000,0x0000000797600000)
  from space 5120K, 99% used [0x0000000797600000,0x0000000797af89d0,0x0000000797b00000)
  to   space 5120K, 0% used [0x0000000797b00000,0x0000000797b00000,0x0000000798000000)
 ParOldGen       total 87552K, used 1272K [0x0000000740000000, 0x0000000745580000, 0x0000000795580000)
  object space 87552K, 1% used [0x0000000740000000,0x000000074013e000,0x0000000745580000)
 Metaspace       used 3899K, capacity 4746K, committed 4864K, reserved 1056768K
  class space    used 428K, capacity 464K, committed 512K, reserved 1048576K
}

Deoptimization events (6 events):
Event: 1.145 Thread 0x00007fdb91802800 Uncommon trap: reason=array_check action=maybe_recompile pc=0x000000010c96e730 method=java.util.AbstractCollection.toArray([Ljava/lang/Object;)[Ljava/lang/Object; @ 119
Event: 1.145 Thread 0x00007fdb91802800 Uncommon trap: reason=array_check action=maybe_recompile pc=0x000000010c96e730 method=java.util.AbstractCollection.toArray([Ljava/lang/Object;)[Ljava/lang/Object; @ 119
Event: 1.145 Thread 0x00007fdb91802800 Uncommon trap: reason=array_check action=maybe_recompile pc=0x000000010c96e730 method=java.util.AbstractCollection.toArray([Ljava/lang/Object;)[Ljava/lang/Object; @ 119
Event: 1.146 Thread 0x00007fdb91802800 Uncommon trap: reason=array_check action=maybe_recompile pc=0x000000010c96e730 method=java.util.AbstractCollection.toArray([Ljava/lang/Object;)[Ljava/lang/Object; @ 119
Event: 12.818 Thread 0x00007fdb91802800 Uncommon trap: reason=unstable_if action=reinterpret pc=0x000000010c972ec8 method=java.io.BufferedReader.readLine(Z)Ljava/lang/String; @ 55
Event: 12.826 Thread 0x00007fdb91802800 Uncommon trap: reason=unstable_if action=reinterpret pc=0x000000010c96bacc method=java.lang.String.trim()Ljava/lang/String; @ 63

Internal exceptions (4 events):
Event: 0.056 Thread 0x00007fdb91802800 Exception <a 'java/lang/NoSuchMethodError': Method sun.misc.Unsafe.defineClass(Ljava/lang/String;[BII)Ljava/lang/Class; name or signature does not match> (0x0000000795587cc0) thrown at [/HUDSON3/workspace/8-2-build-macosx-x86_64/jdk8u101/7261/hotspot/src/
Event: 0.056 Thread 0x00007fdb91802800 Exception <a 'java/lang/NoSuchMethodError': Method sun.misc.Unsafe.prefetchRead(Ljava/lang/Object;J)V name or signature does not match> (0x0000000795587fa8) thrown at [/HUDSON3/workspace/8-2-build-macosx-x86_64/jdk8u101/7261/hotspot/src/share/vm/prims/jni
Event: 0.408 Thread 0x00007fdb91802800 Exception <a 'java/lang/NoSuchFieldError': method resolution failed> (0x0000000795844cd8) thrown at [/HUDSON3/workspace/8-2-build-macosx-x86_64/jdk8u101/7261/hotspot/src/share/vm/prims/methodHandles.cpp, line 1146]
Event: 0.414 Thread 0x00007fdb91802800 Exception <a 'java/lang/NoSuchFieldError': method resolution failed> (0x00000007958520d8) thrown at [/HUDSON3/workspace/8-2-build-macosx-x86_64/jdk8u101/7261/hotspot/src/share/vm/prims/methodHandles.cpp, line 1146]

Events (10 events):
Event: 328.908 Executing VM operation: GetCurrentLocation
Event: 328.908 Executing VM operation: GetCurrentLocation done
Event: 328.908 Executing VM operation: EnterInterpOnlyMode
Event: 328.908 Executing VM operation: EnterInterpOnlyMode done
Event: 328.908 Executing VM operation: ChangeSingleStep
Event: 328.908 Executing VM operation: ChangeSingleStep done
Event: 328.908 Executing VM operation: ChangeSingleStep
Event: 328.908 Executing VM operation: ChangeSingleStep done
Event: 328.913 Executing VM operation: RedefineClasses
Event: 328.918 Executing VM operation: RedefineClasses done


Dynamic libraries:
0x000000002d01a000 	/System/Library/Frameworks/Cocoa.framework/Versions/A/Cocoa
0x000000002d01a000 	/System/Library/Frameworks/Security.framework/Versions/A/Security
0x000000002d01a000 	/System/Library/Frameworks/ApplicationServices.framework/Versions/A/ApplicationServices
0x000000002d01a000 	/usr/lib/libz.1.dylib
0x000000002d01a000 	/usr/lib/libSystem.B.dylib
0x000000002d01a000 	/usr/lib/libobjc.A.dylib
0x000000002d01a000 	/System/Library/Frameworks/CoreFoundation.framework/Versions/A/CoreFoundation
0x000000002d01a000 	/System/Library/Frameworks/Foundation.framework/Versions/C/Foundation
0x000000002d01a000 	/System/Library/Frameworks/AppKit.framework/Versions/C/AppKit
0x000000002d01a000 	/System/Library/Frameworks/CoreData.framework/Versions/A/CoreData
0x000000002d01a000 	/System/Library/PrivateFrameworks/RemoteViewServices.framework/Versions/A/RemoteViewServices
0x000000002d01a000 	/System/Library/PrivateFrameworks/UIFoundation.framework/Versions/A/UIFoundation
0x000000002d01a000 	/System/Library/PrivateFrameworks/DFRFoundation.framework/Versions/A/DFRFoundation
0x000000002d01a000 	/System/Library/Frameworks/Metal.framework/Versions/A/Metal
0x000000002d01a000 	/System/Library/PrivateFrameworks/DesktopServicesPriv.framework/Versions/A/DesktopServicesPriv
0x000000002d01a000 	/usr/lib/libenergytrace.dylib
0x000000002d01a000 	/System/Library/PrivateFrameworks/SkyLight.framework/Versions/A/SkyLight
0x000000002d01a000 	/System/Library/Frameworks/CoreGraphics.framework/Versions/A/CoreGraphics
0x000000002d01a000 	/usr/lib/libScreenReader.dylib
0x000000002d01a000 	/System/Library/Frameworks/Accelerate.framework/Versions/A/Accelerate
0x000000002d01a000 	/System/Library/Frameworks/IOSurface.framework/Versions/A/IOSurface
0x000000002d01a000 	/System/Library/Frameworks/AudioToolbox.framework/Versions/A/AudioToolbox
0x000000002d01a000 	/System/Library/Frameworks/AudioUnit.framework/Versions/A/AudioUnit
0x000000002d01a000 	/System/Library/PrivateFrameworks/DataDetectorsCore.framework/Versions/A/DataDetectorsCore
0x000000002d01a000 	/System/Library/Frameworks/Carbon.framework/Versions/A/Frameworks/HIToolbox.framework/Versions/A/HIToolbox
0x000000002d01a000 	/usr/lib/libicucore.A.dylib
0x000000002d01a000 	/System/Library/Frameworks/QuartzCore.framework/Versions/A/QuartzCore
0x000000002d01a000 	/System/Library/Frameworks/Carbon.framework/Versions/A/Frameworks/SpeechRecognition.framework/Versions/A/SpeechRecognition
0x000000002d01a000 	/usr/lib/libauto.dylib
0x000000002d01a000 	/usr/lib/libxml2.2.dylib
0x000000002d01a000 	/System/Library/PrivateFrameworks/CoreUI.framework/Versions/A/CoreUI
0x000000002d01a000 	/System/Library/Frameworks/CoreAudio.framework/Versions/A/CoreAudio
0x000000002d01a000 	/System/Library/Frameworks/DiskArbitration.framework/Versions/A/DiskArbitration
0x000000002d01a000 	/usr/lib/liblangid.dylib
0x000000002d01a000 	/System/Library/PrivateFrameworks/MultitouchSupport.framework/Versions/A/MultitouchSupport
0x000000002d01a000 	/System/Library/Frameworks/IOKit.framework/Versions/A/IOKit
0x000000002d01a000 	/usr/lib/libDiagnosticMessagesClient.dylib
0x000000002d01a000 	/System/Library/Frameworks/CoreServices.framework/Versions/A/CoreServices
0x000000002d01a000 	/System/Library/PrivateFrameworks/PerformanceAnalysis.framework/Versions/A/PerformanceAnalysis
0x000000002d01a000 	/System/Library/Frameworks/OpenGL.framework/Versions/A/OpenGL
0x000000002d01a000 	/System/Library/Frameworks/ColorSync.framework/Versions/A/ColorSync
0x000000002d01a000 	/System/Library/Frameworks/CoreImage.framework/Versions/A/CoreImage
0x000000002d01a000 	/System/Library/Frameworks/CoreText.framework/Versions/A/CoreText
0x000000002d01a000 	/System/Library/Frameworks/ImageIO.framework/Versions/A/ImageIO
0x000000002d01a000 	/System/Library/PrivateFrameworks/Backup.framework/Versions/A/Backup
0x000000002d01a000 	/usr/lib/libarchive.2.dylib
0x000000002d01a000 	/System/Library/Frameworks/CFNetwork.framework/Versions/A/CFNetwork
0x000000002d01a000 	/System/Library/Frameworks/SystemConfiguration.framework/Versions/A/SystemConfiguration
0x000000002d01a000 	/usr/lib/libCRFSuite.dylib
0x000000002d01a000 	/usr/lib/libc++.1.dylib
0x000000002d01a000 	/usr/lib/libc++abi.dylib
0x000000002d01a000 	/usr/lib/system/libcache.dylib
0x000000002d01a000 	/usr/lib/system/libcommonCrypto.dylib
0x000000002d01a000 	/usr/lib/system/libcompiler_rt.dylib
0x000000002d01a000 	/usr/lib/system/libcopyfile.dylib
0x000000002d01a000 	/usr/lib/system/libcorecrypto.dylib
0x000000002d01a000 	/usr/lib/system/libdispatch.dylib
0x000000002d01a000 	/usr/lib/system/libdyld.dylib
0x000000002d01a000 	/usr/lib/system/libkeymgr.dylib
0x000000002d01a000 	/usr/lib/system/liblaunch.dylib
0x000000002d01a000 	/usr/lib/system/libmacho.dylib
0x000000002d01a000 	/usr/lib/system/libquarantine.dylib
0x000000002d01a000 	/usr/lib/system/libremovefile.dylib
0x000000002d01a000 	/usr/lib/system/libsystem_asl.dylib
0x000000002d01a000 	/usr/lib/system/libsystem_blocks.dylib
0x000000002d01a000 	/usr/lib/system/libsystem_c.dylib
0x000000002d01a000 	/usr/lib/system/libsystem_configuration.dylib
0x000000002d01a000 	/usr/lib/system/libsystem_coreservices.dylib
0x000000002d01a000 	/usr/lib/system/libsystem_darwin.dylib
0x000000002d01a000 	/usr/lib/system/libsystem_dnssd.dylib
0x000000002d01a000 	/usr/lib/system/libsystem_info.dylib
0x000000002d01a000 	/usr/lib/system/libsystem_m.dylib
0x000000002d01a000 	/usr/lib/system/libsystem_malloc.dylib
0x000000002d01a000 	/usr/lib/system/libsystem_network.dylib
0x000000002d01a000 	/usr/lib/system/libsystem_networkextension.dylib
0x000000002d01a000 	/usr/lib/system/libsystem_notify.dylib
0x000000002d01a000 	/usr/lib/system/libsystem_sandbox.dylib
0x000000002d01a000 	/usr/lib/system/libsystem_secinit.dylib
0x000000002d01a000 	/usr/lib/system/libsystem_kernel.dylib
0x000000002d01a000 	/usr/lib/system/libsystem_platform.dylib
0x000000002d01a000 	/usr/lib/system/libsystem_pthread.dylib
0x000000002d01a000 	/usr/lib/system/libsystem_symptoms.dylib
0x000000002d01a000 	/usr/lib/system/libsystem_trace.dylib
0x000000002d01a000 	/usr/lib/system/libunwind.dylib
0x000000002d01a000 	/usr/lib/system/libxpc.dylib
0x000000002d01a000 	/usr/lib/closure/libclosured.dylib
0x000000002d01a000 	/usr/lib/libbsm.0.dylib
0x000000002d01a000 	/usr/lib/system/libkxld.dylib
0x000000002d01a000 	/usr/lib/libOpenScriptingUtil.dylib
0x000000002d01a000 	/usr/lib/libcoretls.dylib
0x000000002d01a000 	/usr/lib/libcoretls_cfhelpers.dylib
0x000000002d01a000 	/usr/lib/libpam.2.dylib
0x000000002d01a000 	/usr/lib/libsqlite3.dylib
0x000000002d01a000 	/usr/lib/libxar.1.dylib
0x000000002d01a000 	/usr/lib/libbz2.1.0.dylib
0x000000002d01a000 	/usr/lib/liblzma.5.dylib
0x000000002d01a000 	/usr/lib/libnetwork.dylib
0x000000002d01a000 	/usr/lib/libapple_nghttp2.dylib
0x000000002d01a000 	/usr/lib/libpcap.A.dylib
0x000000002d01a000 	/usr/lib/libboringssl.dylib
0x000000002d01a000 	/usr/lib/libusrtcp.dylib
0x000000002d01a000 	/usr/lib/libapple_crypto.dylib
0x000000002d01a000 	/System/Library/Frameworks/CoreServices.framework/Versions/A/Frameworks/FSEvents.framework/Versions/A/FSEvents
0x000000002d01a000 	/System/Library/Frameworks/CoreServices.framework/Versions/A/Frameworks/CarbonCore.framework/Versions/A/CarbonCore
0x000000002d01a000 	/System/Library/Frameworks/CoreServices.framework/Versions/A/Frameworks/Metadata.framework/Versions/A/Metadata
0x000000002d01a000 	/System/Library/Frameworks/CoreServices.framework/Versions/A/Frameworks/OSServices.framework/Versions/A/OSServices
0x000000002d01a000 	/System/Library/Frameworks/CoreServices.framework/Versions/A/Frameworks/SearchKit.framework/Versions/A/SearchKit
0x000000002d01a000 	/System/Library/Frameworks/CoreServices.framework/Versions/A/Frameworks/AE.framework/Versions/A/AE
0x000000002d01a000 	/System/Library/Frameworks/CoreServices.framework/Versions/A/Frameworks/LaunchServices.framework/Versions/A/LaunchServices
0x000000002d01a000 	/System/Library/Frameworks/CoreServices.framework/Versions/A/Frameworks/DictionaryServices.framework/Versions/A/DictionaryServices
0x000000002d01a000 	/System/Library/Frameworks/CoreServices.framework/Versions/A/Frameworks/SharedFileList.framework/Versions/A/SharedFileList
0x000000002d01a000 	/System/Library/Frameworks/NetFS.framework/Versions/A/NetFS
0x000000002d01a000 	/System/Library/PrivateFrameworks/NetAuth.framework/Versions/A/NetAuth
0x000000002d01a000 	/System/Library/PrivateFrameworks/login.framework/Versions/A/Frameworks/loginsupport.framework/Versions/A/loginsupport
0x000000002d01a000 	/System/Library/PrivateFrameworks/TCC.framework/Versions/A/TCC
0x000000002d01a000 	/usr/lib/libmecabra.dylib
0x000000002d01a000 	/System/Library/Frameworks/ApplicationServices.framework/Versions/A/Frameworks/ATS.framework/Versions/A/ATS
0x000000002d01a000 	/System/Library/Frameworks/ApplicationServices.framework/Versions/A/Frameworks/ColorSyncLegacy.framework/Versions/A/ColorSyncLegacy
0x000000002d01a000 	/System/Library/Frameworks/ApplicationServices.framework/Versions/A/Frameworks/HIServices.framework/Versions/A/HIServices
0x000000002d01a000 	/System/Library/Frameworks/ApplicationServices.framework/Versions/A/Frameworks/LangAnalysis.framework/Versions/A/LangAnalysis
0x000000002d01a000 	/System/Library/Frameworks/ApplicationServices.framework/Versions/A/Frameworks/PrintCore.framework/Versions/A/PrintCore
0x000000002d01a000 	/System/Library/Frameworks/ApplicationServices.framework/Versions/A/Frameworks/QD.framework/Versions/A/QD
0x000000002d01a000 	/System/Library/Frameworks/ApplicationServices.framework/Versions/A/Frameworks/SpeechSynthesis.framework/Versions/A/SpeechSynthesis
0x000000002d01a000 	/System/Library/Frameworks/CoreDisplay.framework/Versions/A/CoreDisplay
0x000000002d01a000 	/System/Library/Frameworks/Accelerate.framework/Versions/A/Frameworks/vImage.framework/Versions/A/vImage
0x000000002d01a000 	/System/Library/Frameworks/Accelerate.framework/Versions/A/Frameworks/vecLib.framework/Versions/A/vecLib
0x000000002d01a000 	/System/Library/Frameworks/Accelerate.framework/Versions/A/Frameworks/vecLib.framework/Versions/A/libvDSP.dylib
0x000000002d01a000 	/System/Library/Frameworks/Accelerate.framework/Versions/A/Frameworks/vecLib.framework/Versions/A/libBNNS.dylib
0x000000002d01a000 	/System/Library/Frameworks/Accelerate.framework/Versions/A/Frameworks/vecLib.framework/Versions/A/libQuadrature.dylib
0x000000002d01a000 	/System/Library/Frameworks/Accelerate.framework/Versions/A/Frameworks/vecLib.framework/Versions/A/libvMisc.dylib
0x000000002d01a000 	/System/Library/Frameworks/Accelerate.framework/Versions/A/Frameworks/vecLib.framework/Versions/A/libLAPACK.dylib
0x000000002d01a000 	/System/Library/Frameworks/Accelerate.framework/Versions/A/Frameworks/vecLib.framework/Versions/A/libBLAS.dylib
0x000000002d01a000 	/System/Library/Frameworks/Accelerate.framework/Versions/A/Frameworks/vecLib.framework/Versions/A/libLinearAlgebra.dylib
0x000000002d01a000 	/System/Library/Frameworks/Accelerate.framework/Versions/A/Frameworks/vecLib.framework/Versions/A/libSparse.dylib
0x000000002d01a000 	/System/Library/Frameworks/Accelerate.framework/Versions/A/Frameworks/vecLib.framework/Versions/A/libSparseBLAS.dylib
0x000000002d01a000 	/System/Library/PrivateFrameworks/IOAccelerator.framework/Versions/A/IOAccelerator
0x000000002d01a000 	/System/Library/PrivateFrameworks/IOPresentment.framework/Versions/A/IOPresentment
0x000000002d01a000 	/System/Library/PrivateFrameworks/DSExternalDisplay.framework/Versions/A/DSExternalDisplay
0x000000002d01a000 	/System/Library/Frameworks/OpenGL.framework/Versions/A/Libraries/libCoreFSCache.dylib
0x000000002d01a000 	/System/Library/Frameworks/CoreVideo.framework/Versions/A/CoreVideo
0x000000002d01a000 	/System/Library/PrivateFrameworks/GraphVisualizer.framework/Versions/A/GraphVisualizer
0x000000002d01a000 	/System/Library/Frameworks/MetalPerformanceShaders.framework/Versions/A/MetalPerformanceShaders
0x000000002d01a000 	/usr/lib/libFosl_dynamic.dylib
0x000000002d01a000 	/System/Library/PrivateFrameworks/FaceCore.framework/Versions/A/FaceCore
0x000000002d01a000 	/System/Library/Frameworks/OpenCL.framework/Versions/A/OpenCL
0x000000002d01a000 	/usr/lib/libcompression.dylib
0x000000002d01a000 	/System/Library/Frameworks/ApplicationServices.framework/Versions/A/Frameworks/ATS.framework/Versions/A/Resources/libFontParser.dylib
0x000000002d01a000 	/System/Library/Frameworks/ApplicationServices.framework/Versions/A/Frameworks/ATS.framework/Versions/A/Resources/libFontRegistry.dylib
0x000000002d01a000 	/System/Library/Frameworks/ImageIO.framework/Versions/A/Resources/libJPEG.dylib
0x000000002d01a000 	/System/Library/Frameworks/ImageIO.framework/Versions/A/Resources/libTIFF.dylib
0x000000002d01a000 	/System/Library/Frameworks/ImageIO.framework/Versions/A/Resources/libPng.dylib
0x000000002d01a000 	/System/Library/Frameworks/ImageIO.framework/Versions/A/Resources/libGIF.dylib
0x000000002d01a000 	/System/Library/Frameworks/ImageIO.framework/Versions/A/Resources/libJP2.dylib
0x000000002d01a000 	/System/Library/Frameworks/ImageIO.framework/Versions/A/Resources/libRadiance.dylib
0x000000002d01a000 	/System/Library/PrivateFrameworks/AppleJPEG.framework/Versions/A/AppleJPEG
0x000000002d01a000 	/System/Library/PrivateFrameworks/MetalTools.framework/Versions/A/MetalTools
0x000000002d01a000 	/System/Library/Frameworks/MetalPerformanceShaders.framework/Frameworks/MPSCore.framework/Versions/A/MPSCore
0x000000002d01a000 	/System/Library/Frameworks/MetalPerformanceShaders.framework/Frameworks/MPSImage.framework/Versions/A/MPSImage
0x000000002d01a000 	/System/Library/Frameworks/MetalPerformanceShaders.framework/Frameworks/MPSMatrix.framework/Versions/A/MPSMatrix
0x000000002d01a000 	/System/Library/Frameworks/MetalPerformanceShaders.framework/Frameworks/MPSNeuralNetwork.framework/Versions/A/MPSNeuralNetwork
0x000000002d01a000 	/System/Library/Frameworks/OpenGL.framework/Versions/A/Libraries/libGLU.dylib
0x000000002d01a000 	/System/Library/Frameworks/OpenGL.framework/Versions/A/Libraries/libGFXShared.dylib
0x000000002d01a000 	/System/Library/Frameworks/OpenGL.framework/Versions/A/Libraries/libGL.dylib
0x000000002d01a000 	/System/Library/Frameworks/OpenGL.framework/Versions/A/Libraries/libGLImage.dylib
0x000000002d01a000 	/System/Library/Frameworks/OpenGL.framework/Versions/A/Libraries/libCVMSPluginSupport.dylib
0x000000002d01a000 	/System/Library/Frameworks/OpenGL.framework/Versions/A/Libraries/libCoreVMClient.dylib
0x000000002d01a000 	/usr/lib/libcups.2.dylib
0x000000002d01a000 	/System/Library/Frameworks/Kerberos.framework/Versions/A/Kerberos
0x000000002d01a000 	/System/Library/Frameworks/GSS.framework/Versions/A/GSS
0x000000002d01a000 	/usr/lib/libresolv.9.dylib
0x000000002d01a000 	/usr/lib/libiconv.2.dylib
0x000000002d01a000 	/System/Library/PrivateFrameworks/Heimdal.framework/Versions/A/Heimdal
0x000000002d01a000 	/usr/lib/libheimdal-asn1.dylib
0x000000002d01a000 	/System/Library/Frameworks/OpenDirectory.framework/Versions/A/OpenDirectory
0x000000002d01a000 	/System/Library/PrivateFrameworks/CommonAuth.framework/Versions/A/CommonAuth
0x000000002d01a000 	/System/Library/Frameworks/OpenDirectory.framework/Versions/A/Frameworks/CFOpenDirectory.framework/Versions/A/CFOpenDirectory
0x000000002d01a000 	/System/Library/Frameworks/SecurityFoundation.framework/Versions/A/SecurityFoundation
0x000000002d01a000 	/System/Library/PrivateFrameworks/APFS.framework/Versions/A/APFS
0x000000002d01a000 	/usr/lib/libutil.dylib
0x000000002d01a000 	/System/Library/PrivateFrameworks/AppleSauce.framework/Versions/A/AppleSauce
0x000000002d01a000 	/System/Library/PrivateFrameworks/LinguisticData.framework/Versions/A/LinguisticData
0x000000002d01a000 	/usr/lib/libmarisa.dylib
0x000000002d01a000 	/System/Library/PrivateFrameworks/Lexicon.framework/Versions/A/Lexicon
0x000000002d01a000 	/usr/lib/libChineseTokenizer.dylib
0x000000002d01a000 	/usr/lib/libcmph.dylib
0x000000002d01a000 	/System/Library/PrivateFrameworks/LanguageModeling.framework/Versions/A/LanguageModeling
0x000000002d01a000 	/System/Library/PrivateFrameworks/CoreEmoji.framework/Versions/A/CoreEmoji
0x000000002d01a000 	/System/Library/Frameworks/ServiceManagement.framework/Versions/A/ServiceManagement
0x000000002d01a000 	/System/Library/PrivateFrameworks/BackgroundTaskManagement.framework/Versions/A/BackgroundTaskManagement
0x000000002d01a000 	/usr/lib/libxslt.1.dylib
0x000000002d01a000 	/System/Library/Frameworks/Carbon.framework/Versions/A/Frameworks/Ink.framework/Versions/A/Ink
0x000000002d01a000 	/System/Library/PrivateFrameworks/TextureIO.framework/Versions/A/TextureIO
0x000000002d01a000 	/usr/lib/libate.dylib
0x000000002d01a000 	/System/Library/PrivateFrameworks/CrashReporterSupport.framework/Versions/A/CrashReporterSupport
0x000000002d01a000 	/System/Library/PrivateFrameworks/Sharing.framework/Versions/A/Sharing
0x000000002d01a000 	/System/Library/PrivateFrameworks/IconServices.framework/Versions/A/IconServices
0x000000002d01a000 	/System/Library/PrivateFrameworks/ProtocolBuffer.framework/Versions/A/ProtocolBuffer
0x000000002d01a000 	/System/Library/PrivateFrameworks/Apple80211.framework/Versions/A/Apple80211
0x000000002d01a000 	/System/Library/Frameworks/CoreWLAN.framework/Versions/A/CoreWLAN
0x000000002d01a000 	/System/Library/PrivateFrameworks/CoreUtils.framework/Versions/A/CoreUtils
0x000000002d01a000 	/System/Library/Frameworks/IOBluetooth.framework/Versions/A/IOBluetooth
0x000000002d01a000 	/System/Library/PrivateFrameworks/CoreWiFi.framework/Versions/A/CoreWiFi
0x000000002d01a000 	/System/Library/Frameworks/CoreBluetooth.framework/Versions/A/CoreBluetooth
0x000000002d01a000 	/System/Library/PrivateFrameworks/SignpostNotification.framework/Versions/A/SignpostNotification
0x000000002d01a000 	/System/Library/PrivateFrameworks/DebugSymbols.framework/Versions/A/DebugSymbols
0x000000002d01a000 	/System/Library/PrivateFrameworks/CoreSymbolication.framework/Versions/A/CoreSymbolication
0x000000002d01a000 	/System/Library/PrivateFrameworks/Symbolication.framework/Versions/A/Symbolication
0x000000002d01a000 	/System/Library/PrivateFrameworks/AppleFSCompression.framework/Versions/A/AppleFSCompression
0x000000002d01a000 	/System/Library/PrivateFrameworks/SpeechRecognitionCore.framework/Versions/A/SpeechRecognitionCore
0x000000002d01a000 	/System/Library/CoreServices/Encodings/libLatin2Converter.dylib
0x000000010b800000 	/Library/Java/JavaVirtualMachines/jdk1.8.0_101.jdk/Contents/Home/jre/lib/server/libjvm.dylib
0x000000002d01a000 	/usr/lib/libstdc++.6.0.9.dylib
0x000000010a421000 	/Library/Java/JavaVirtualMachines/jdk1.8.0_101.jdk/Contents/Home/jre/lib/libverify.dylib
0x000000010a42f000 	/Library/Java/JavaVirtualMachines/jdk1.8.0_101.jdk/Contents/Home/jre/lib/libjava.dylib
0x000000010a465000 	/Library/Java/JavaVirtualMachines/jdk1.8.0_101.jdk/Contents/Home/jre/lib/libjdwp.dylib
0x000000010a4b0000 	/Library/Java/JavaVirtualMachines/jdk1.8.0_101.jdk/Contents/Home/jre/lib/libnpt.dylib
0x000000010a4fd000 	/Library/Java/JavaVirtualMachines/jdk1.8.0_101.jdk/Contents/Home/jre/lib/libzip.dylib
0x000000002d01a000 	/System/Library/Frameworks/JavaVM.framework/Versions/A/Frameworks/JavaRuntimeSupport.framework/Versions/A/JavaRuntimeSupport
0x000000002d01a000 	/System/Library/Frameworks/JavaVM.framework/Versions/A/Frameworks/JavaNativeFoundation.framework/Versions/A/JavaNativeFoundation
0x000000002d01a000 	/System/Library/Frameworks/JavaVM.framework/Versions/A/JavaVM
0x000000002d01a000 	/System/Library/Frameworks/Carbon.framework/Versions/A/Carbon
0x000000002d01a000 	/System/Library/PrivateFrameworks/JavaLaunching.framework/Versions/A/JavaLaunching
0x000000002d01a000 	/System/Library/Frameworks/Carbon.framework/Versions/A/Frameworks/CommonPanels.framework/Versions/A/CommonPanels
0x000000002d01a000 	/System/Library/Frameworks/Carbon.framework/Versions/A/Frameworks/Help.framework/Versions/A/Help
0x000000002d01a000 	/System/Library/Frameworks/Carbon.framework/Versions/A/Frameworks/ImageCapture.framework/Versions/A/ImageCapture
0x000000002d01a000 	/System/Library/Frameworks/Carbon.framework/Versions/A/Frameworks/OpenScripting.framework/Versions/A/OpenScripting
0x000000002d01a000 	/System/Library/Frameworks/Carbon.framework/Versions/A/Frameworks/Print.framework/Versions/A/Print
0x000000002d01a000 	/System/Library/Frameworks/Carbon.framework/Versions/A/Frameworks/SecurityHI.framework/Versions/A/SecurityHI
0x000000010ad9b000 	/Library/Java/JavaVirtualMachines/jdk1.8.0_101.jdk/Contents/Home/jre/lib/libdt_socket.dylib

VM Arguments:
jvm_args: -agentlib:jdwp=transport=dt_socket,suspend=y,address=localhost:51041 -Dfile.encoding=UTF-8 
java_command: semestralka.Main
java_class_path (initial): /Library/Java/JavaVirtualMachines/jdk1.8.0_101.jdk/Contents/Home/jre/lib/resources.jar:/Library/Java/JavaVirtualMachines/jdk1.8.0_101.jdk/Contents/Home/jre/lib/rt.jar:/Library/Java/JavaVirtualMachines/jdk1.8.0_101.jdk/Contents/Home/jre/lib/jsse.jar:/Library/Java/JavaVirtualMachines/jdk1.8.0_101.jdk/Contents/Home/jre/lib/jce.jar:/Library/Java/JavaVirtualMachines/jdk1.8.0_101.jdk/Contents/Home/jre/lib/charsets.jar:/Library/Java/JavaVirtualMachines/jdk1.8.0_101.jdk/Contents/Home/jre/lib/jfr.jar:/Library/Java/JavaVirtualMachines/jdk1.8.0_101.jdk/Contents/Home/jre/lib/ext/sunec.jar:/Library/Java/JavaVirtualMachines/jdk1.8.0_101.jdk/Contents/Home/jre/lib/ext/nashorn.jar:/Library/Java/JavaVirtualMachines/jdk1.8.0_101.jdk/Contents/Home/jre/lib/ext/cldrdata.jar:/Library/Java/JavaVirtualMachines/jdk1.8.0_101.jdk/Contents/Home/jre/lib/ext/jfxrt.jar:/Library/Java/JavaVirtualMachines/jdk1.8.0_101.jdk/Contents/Home/jre/lib/ext/dnsns.jar:/Library/Java/JavaVirtualMachines/jdk1.8.0_101.jdk/Contents/Home/jre/lib/ext/localedata.jar:/Library/Java/JavaVirtualMachines/jdk1.8.0_101.jdk/Contents/Home/jre/lib/ext/sunjce_provider.jar:/Library/Java/JavaVirtualMachines/jdk1.8.0_101.jdk/Contents/Home/jre/lib/ext/sunpkcs11.jar:/Library/Java/JavaVirtualMachines/jdk1.8.0_101.jdk/Contents/Home/jre/lib/ext/jaccess.jar:/Library/Java/JavaVirtualMachines/jdk1.8.0_101.jdk/Contents/Home/jre/lib/ext/zipfs.jar:/System/Library/Java/Extensions/MRJToolkit.jar:/Users/cagy/Documents/eclipse/PT/bin
Launcher Type: SUN_STANDARD

Environment Variables:
PATH=/usr/bin:/bin:/usr/sbin:/sbin
SHELL=/bin/bash

Signal Handlers:
SIGSEGV: [libjvm.dylib+0x5af145], sa_mask[0]=11111111011111110111111111111111, sa_flags=SA_ONSTACK|SA_RESTART|SA_SIGINFO
SIGBUS: [libjvm.dylib+0x5af145], sa_mask[0]=11111111011111110111111111111111, sa_flags=SA_RESTART|SA_SIGINFO
SIGFPE: [libjvm.dylib+0x48694c], sa_mask[0]=11111111011111110111111111111111, sa_flags=SA_RESTART|SA_SIGINFO
SIGPIPE: [libjvm.dylib+0x48694c], sa_mask[0]=11111111011111110111111111111111, sa_flags=SA_RESTART|SA_SIGINFO
SIGXFSZ: [libjvm.dylib+0x48694c], sa_mask[0]=11111111011111110111111111111111, sa_flags=SA_RESTART|SA_SIGINFO
SIGILL: [libjvm.dylib+0x48694c], sa_mask[0]=11111111011111110111111111111111, sa_flags=SA_RESTART|SA_SIGINFO
SIGUSR1: SIG_DFL, sa_mask[0]=00000000000000000000000000000000, sa_flags=none
SIGUSR2: [libjvm.dylib+0x48646a], sa_mask[0]=00100000000000000000000000000000, sa_flags=SA_RESTART|SA_SIGINFO
SIGHUP: [libjvm.dylib+0x484a41], sa_mask[0]=11111111011111110111111111111111, sa_flags=SA_RESTART|SA_SIGINFO
SIGINT: [libjvm.dylib+0x484a41], sa_mask[0]=11111111011111110111111111111111, sa_flags=SA_RESTART|SA_SIGINFO
SIGTERM: [libjvm.dylib+0x484a41], sa_mask[0]=11111111011111110111111111111111, sa_flags=SA_RESTART|SA_SIGINFO
SIGQUIT: [libjvm.dylib+0x484a41], sa_mask[0]=11111111011111110111111111111111, sa_flags=SA_RESTART|SA_SIGINFO


---------------  S Y S T E M  ---------------

OS:Bsduname:Darwin 17.2.0 Darwin Kernel Version 17.2.0: Fri Sep 29 18:27:05 PDT 2017; root:xnu-4570.20.62~3/RELEASE_X86_64 x86_64
rlimit: STACK 8192k, CORE 0k, NPROC 709, NOFILE 10240, AS infinity
load average:2.36 2.37 2.42

CPU:total 4 (2 cores per cpu, 2 threads per core) family 6 model 61 stepping 4, cmov, cx8, fxsr, mmx, sse, sse2, sse3, ssse3, sse4.1, sse4.2, popcnt, avx, avx2, aes, clmul, erms, 3dnowpref, lzcnt, ht, tsc, tscinvbit, bmi1, bmi2, adx

Memory: 4k page, physical 8388608k(63212k free)

/proc/meminfo:


vm_info: Java HotSpot(TM) 64-Bit Server VM (25.101-b13) for bsd-amd64 JRE (1.8.0_101-b13), built on Jun 22 2016 02:42:15 by "java_re" with gcc 4.2.1 (Based on Apple Inc. build 5658) (LLVM build 2336.11.00)

time: Tue Nov 28 23:32:50 2017
elapsed time: 328 seconds (0d 0h 5m 28s)

